<?xml version="1.0" encoding="UTF-8"?>
<testng-results skipped="0" failed="0" ignored="0" total="1" passed="1">
  <reporter-output>
  </reporter-output>
  <suite name="Failed suite [Failed suite [Default suite]]" duration-ms="48699" started-at="2021-01-06T12:32:12Z" finished-at="2021-01-06T12:33:01Z">
    <groups>
    </groups>
    <test name="Default test(failed)(failed)" duration-ms="48699" started-at="2021-01-06T12:32:12Z" finished-at="2021-01-06T12:33:01Z">
      <class name="com.generalstore.tests.TC_01_General">
        <test-method status="PASS" signature="startServer()[pri:0, instance:com.generalstore.tests.TC_01_General@77cd7a0]" name="startServer" is-config="true" duration-ms="5126" started-at="2021-01-06T18:02:07Z" finished-at="2021-01-06T18:02:12Z">
          <reporter-output>
          </reporter-output>
        </test-method> <!-- startServer -->
        <test-method status="PASS" signature="tearUp()[pri:0, instance:com.generalstore.tests.TC_01_General@77cd7a0]" name="tearUp" is-config="true" duration-ms="39506" started-at="2021-01-06T18:02:12Z" finished-at="2021-01-06T18:02:52Z">
          <reporter-output>
          </reporter-output>
        </test-method> <!-- tearUp -->
        <test-method status="PASS" signature="tc_01_General()[pri:0, instance:com.generalstore.tests.TC_01_General@77cd7a0]" name="tc_01_General" duration-ms="9154" started-at="2021-01-06T18:02:52Z" finished-at="2021-01-06T18:03:01Z">
          <reporter-output>
          </reporter-output>
        </test-method> <!-- tc_01_General -->
        <test-method status="PASS" signature="tearDown()[pri:0, instance:com.generalstore.tests.TC_01_General@77cd7a0]" name="tearDown" is-config="true" duration-ms="1" started-at="2021-01-06T18:03:01Z" finished-at="2021-01-06T18:03:01Z">
          <reporter-output>
          </reporter-output>
        </test-method> <!-- tearDown -->
        <test-method status="PASS" signature="stopServer()[pri:0, instance:com.generalstore.tests.TC_01_General@77cd7a0]" name="stopServer" is-config="true" duration-ms="213" started-at="2021-01-06T18:03:01Z" finished-at="2021-01-06T18:03:01Z">
          <reporter-output>
          </reporter-output>
        </test-method> <!-- stopServer -->
      </class> <!-- com.generalstore.tests.TC_01_General -->
    </test> <!-- Default test(failed)(failed) -->
  </suite> <!-- Failed suite [Failed suite [Default suite]] -->
</testng-results>
