<?xml version="1.0" encoding="UTF-8"?>
<testng-results skipped="0" failed="1" ignored="0" total="1" passed="0">
  <reporter-output>
  </reporter-output>
  <suite name="Default suite" duration-ms="27768" started-at="2021-01-05T10:15:14Z" finished-at="2021-01-05T10:15:42Z">
    <groups>
    </groups>
    <test name="Default test" duration-ms="27768" started-at="2021-01-05T10:15:14Z" finished-at="2021-01-05T10:15:42Z">
      <class name="com.generalstore.tests.TC_02_Toast">
        <test-method status="PASS" signature="startServer()[pri:0, instance:com.generalstore.tests.TC_02_Toast@f6c48ac]" name="startServer" is-config="true" duration-ms="5706" started-at="2021-01-05T15:45:08Z" finished-at="2021-01-05T15:45:14Z">
          <reporter-output>
          </reporter-output>
        </test-method> <!-- startServer -->
        <test-method status="PASS" signature="tearUp()[pri:0, instance:com.generalstore.tests.TC_02_Toast@f6c48ac]" name="tearUp" is-config="true" duration-ms="20955" started-at="2021-01-05T15:45:14Z" finished-at="2021-01-05T15:45:35Z">
          <reporter-output>
          </reporter-output>
        </test-method> <!-- tearUp -->
        <test-method status="FAIL" signature="toastInspector()[pri:0, instance:com.generalstore.tests.TC_02_Toast@f6c48ac]" name="toastInspector" duration-ms="6770" started-at="2021-01-05T15:45:35Z" finished-at="2021-01-05T15:45:42Z">
          <exception class="org.openqa.selenium.StaleElementReferenceException">
            <message>
              <![CDATA[Cached elements 'By.xpath: //android.widget.Toast[1]' do not exist in DOM anymore (WARNING: The server did not provide any stacktrace information)
Command duration or timeout: 204 milliseconds
For documentation on this error, please visit: http://seleniumhq.org/exceptions/stale_element_reference.html
Build info: version: '2.53.1', revision: 'a36b8b1cd5757287168e54b817830adce9b0158d', time: '2016-06-30 19:26:09'
System info: host: 'Admin', ip: '192.168.42.168', os.name: 'Windows 8.1', os.arch: 'amd64', os.version: '6.3', java.version: '1.8.0_271'
Driver info: io.appium.java_client.android.AndroidDriver
Capabilities [{appPackage=com.androidsample.generalstore, statBarHeight=48, viewportRect={top=48, left=0, width=720, height=1232}, deviceName=42007ca8e47e35e9, UDID=42007ca8e47e35e9		, platform=LINUX, deviceUDID=42007ca8e47e35e9, desired={appPackage=com.androidsample.generalstore, appActivity=.SplashActivity, platformVersion=9, automationName=Appium, platformName=Android, deviceName=Galaxy J4, UDID=42007ca8e47e35e9		}, platformVersion=9, webStorageEnabled=false, automationName=Appium, takesScreenshot=true, javascriptEnabled=true, platformName=Android, deviceApiLevel=28, deviceManufacturer=samsung, deviceScreenSize=720x1280, networkConnectionEnabled=true, warnings={}, databaseEnabled=false, appActivity=.SplashActivity, pixelRatio=2, locationContextEnabled=false, deviceScreenDensity=320, deviceModel=SM-J400F}]
Session ID: 017c9e80-11e4-4f1e-997e-21a3eec92216]]>
            </message>
            <full-stacktrace>
              <![CDATA[org.openqa.selenium.StaleElementReferenceException: Cached elements 'By.xpath: //android.widget.Toast[1]' do not exist in DOM anymore (WARNING: The server did not provide any stacktrace information)
Command duration or timeout: 204 milliseconds
For documentation on this error, please visit: http://seleniumhq.org/exceptions/stale_element_reference.html
Build info: version: '2.53.1', revision: 'a36b8b1cd5757287168e54b817830adce9b0158d', time: '2016-06-30 19:26:09'
System info: host: 'Admin', ip: '192.168.42.168', os.name: 'Windows 8.1', os.arch: 'amd64', os.version: '6.3', java.version: '1.8.0_271'
Driver info: io.appium.java_client.android.AndroidDriver
Capabilities [{appPackage=com.androidsample.generalstore, statBarHeight=48, viewportRect={top=48, left=0, width=720, height=1232}, deviceName=42007ca8e47e35e9, UDID=42007ca8e47e35e9		, platform=LINUX, deviceUDID=42007ca8e47e35e9, desired={appPackage=com.androidsample.generalstore, appActivity=.SplashActivity, platformVersion=9, automationName=Appium, platformName=Android, deviceName=Galaxy J4, UDID=42007ca8e47e35e9		}, platformVersion=9, webStorageEnabled=false, automationName=Appium, takesScreenshot=true, javascriptEnabled=true, platformName=Android, deviceApiLevel=28, deviceManufacturer=samsung, deviceScreenSize=720x1280, networkConnectionEnabled=true, warnings={}, databaseEnabled=false, appActivity=.SplashActivity, pixelRatio=2, locationContextEnabled=false, deviceScreenDensity=320, deviceModel=SM-J400F}]
Session ID: 017c9e80-11e4-4f1e-997e-21a3eec92216
	at sun.reflect.NativeConstructorAccessorImpl.newInstance0(Native Method)
	at sun.reflect.NativeConstructorAccessorImpl.newInstance(Unknown Source)
	at sun.reflect.DelegatingConstructorAccessorImpl.newInstance(Unknown Source)
	at java.lang.reflect.Constructor.newInstance(Unknown Source)
	at org.openqa.selenium.remote.ErrorHandler.createThrowable(ErrorHandler.java:206)
	at org.openqa.selenium.remote.ErrorHandler.throwIfResponseFailed(ErrorHandler.java:158)
	at org.openqa.selenium.remote.RemoteWebDriver.execute(RemoteWebDriver.java:678)
	at io.appium.java_client.DefaultGenericMobileDriver.execute(DefaultGenericMobileDriver.java:40)
	at io.appium.java_client.AppiumDriver.execute(AppiumDriver.java:1)
	at io.appium.java_client.android.AndroidDriver.execute(AndroidDriver.java:1)
	at org.openqa.selenium.remote.RemoteWebElement.execute(RemoteWebElement.java:327)
	at io.appium.java_client.DefaultGenericMobileElement.execute(DefaultGenericMobileElement.java:33)
	at io.appium.java_client.MobileElement.execute(MobileElement.java:1)
	at io.appium.java_client.android.AndroidElement.execute(AndroidElement.java:1)
	at org.openqa.selenium.remote.RemoteWebElement.getAttribute(RemoteWebElement.java:150)
	at sun.reflect.NativeMethodAccessorImpl.invoke0(Native Method)
	at sun.reflect.NativeMethodAccessorImpl.invoke(Unknown Source)
	at sun.reflect.DelegatingMethodAccessorImpl.invoke(Unknown Source)
	at java.lang.reflect.Method.invoke(Unknown Source)
	at io.appium.java_client.pagefactory.ElementInterceptor.getObject(ElementInterceptor.java:39)
	at io.appium.java_client.pagefactory.interceptors.InterceptorOfASingleElement.intercept(InterceptorOfASingleElement.java:58)
	at io.appium.java_client.android.AndroidElement$$EnhancerByCGLIB$$c0b591f0.getAttribute(<generated>)
	at com.generalstore.pages.GeneralStorePage.toastMessage(GeneralStorePage.java:44)
	at com.generalstore.tests.TC_02_Toast.toastInspector(TC_02_Toast.java:26)
	at sun.reflect.NativeMethodAccessorImpl.invoke0(Native Method)
	at sun.reflect.NativeMethodAccessorImpl.invoke(Unknown Source)
	at sun.reflect.DelegatingMethodAccessorImpl.invoke(Unknown Source)
	at java.lang.reflect.Method.invoke(Unknown Source)
	at org.testng.internal.MethodInvocationHelper.invokeMethod(MethodInvocationHelper.java:104)
	at org.testng.internal.Invoker.invokeMethod(Invoker.java:645)
	at org.testng.internal.Invoker.invokeTestMethod(Invoker.java:851)
	at org.testng.internal.Invoker.invokeTestMethods(Invoker.java:1177)
	at org.testng.internal.TestMethodWorker.invokeTestMethods(TestMethodWorker.java:129)
	at org.testng.internal.TestMethodWorker.run(TestMethodWorker.java:112)
	at org.testng.TestRunner.privateRun(TestRunner.java:756)
	at org.testng.TestRunner.run(TestRunner.java:610)
	at org.testng.SuiteRunner.runTest(SuiteRunner.java:387)
	at org.testng.SuiteRunner.runSequentially(SuiteRunner.java:382)
	at org.testng.SuiteRunner.privateRun(SuiteRunner.java:340)
	at org.testng.SuiteRunner.run(SuiteRunner.java:289)
	at org.testng.SuiteRunnerWorker.runSuite(SuiteRunnerWorker.java:52)
	at org.testng.SuiteRunnerWorker.run(SuiteRunnerWorker.java:86)
	at org.testng.TestNG.runSuitesSequentially(TestNG.java:1293)
	at org.testng.TestNG.runSuitesLocally(TestNG.java:1218)
	at org.testng.TestNG.runSuites(TestNG.java:1133)
	at org.testng.TestNG.run(TestNG.java:1104)
	at org.testng.remote.AbstractRemoteTestNG.run(AbstractRemoteTestNG.java:114)
	at org.testng.remote.RemoteTestNG.initAndRun(RemoteTestNG.java:251)
	at org.testng.remote.RemoteTestNG.main(RemoteTestNG.java:77)
]]>
            </full-stacktrace>
          </exception> <!-- org.openqa.selenium.StaleElementReferenceException -->
          <reporter-output>
          </reporter-output>
        </test-method> <!-- toastInspector -->
        <test-method status="PASS" signature="tearDown()[pri:0, instance:com.generalstore.tests.TC_02_Toast@f6c48ac]" name="tearDown" is-config="true" duration-ms="0" started-at="2021-01-05T15:45:42Z" finished-at="2021-01-05T15:45:42Z">
          <reporter-output>
          </reporter-output>
        </test-method> <!-- tearDown -->
        <test-method status="PASS" signature="stopServer()[pri:0, instance:com.generalstore.tests.TC_02_Toast@f6c48ac]" name="stopServer" is-config="true" duration-ms="272" started-at="2021-01-05T15:45:42Z" finished-at="2021-01-05T15:45:42Z">
          <reporter-output>
          </reporter-output>
        </test-method> <!-- stopServer -->
      </class> <!-- com.generalstore.tests.TC_02_Toast -->
    </test> <!-- Default test -->
  </suite> <!-- Default suite -->
</testng-results>
